<?xml version="1.0" encoding="UTF-8"?>
<!-- Generated by org.testng.reporters.JUnitXMLReporter -->
<testsuite ignored="0" hostname="LAPTOP-I0FL3MSP" failures="0" tests="10" name="Default test" time="94.17" errors="0" timestamp="2026-05-02T18:29:17 IST">
  <testcase classname="pageTests.ElementsForm.WebTablesTest" name="tc_el_008_webTable_VerifyDataRows" time="1.724"/>
  <testcase classname="pageTests.ElementsForm.WebTablesTest" name="tc_el_008_webTable_VerifyDataRows" time="2.177"/>
  <testcase classname="pageTests.ElementsForm.WebTablesTest" name="tc_el_008_webTable_VerifyDataRows" time="2.073"/>
  <testcase classname="pageTests.ElementsForm.WebTablesTest" name="tc_el_008_webTable_VerifyDataRows" time="2.095"/>
  <testcase classname="pageTests.ElementsForm.WebTablesTest" name="tc_el_008_webTable_VerifyDataRows" time="2.107"/>
  <testcase classname="pageTests.ElementsForm.WebTablesTest" name="tc_el_008_webTable_VerifyDataRows" time="2.071"/>
  <testcase classname="pageTests.ElementsForm.WebTablesTest" name="tc_el_008_webTable_VerifyDataRows" time="2.095"/>
  <testcase classname="pageTests.ElementsForm.WebTablesTest" name="tc_el_008_webTable_VerifyDataRows" time="2.135"/>
  <testcase classname="pageTests.ElementsForm.WebTablesTest" name="tc_el_008_webTable_VerifyDataRows" time="3.108"/>
  <testcase classname="pageTests.ElementsForm.WebTablesTest" name="tc_el_008_webTable_VerifyDataRows" time="2.043"/>
</testsuite> <!-- Default test -->
