<?xml version="1.0" encoding="UTF-8"?>
<!-- Generated by org.testng.reporters.JUnitXMLReporter -->
<testsuite ignored="0" hostname="LAPTOP-I0FL3MSP" failures="0" tests="5" name="Default test" time="38.42" errors="0" timestamp="2026-05-03T19:29:09 IST">
  <testcase classname="pageTests.ElementsForm.WebTablesTest" name="tc_el_009_webTable_AddNewRecord" time="3.417"/>
  <testcase classname="pageTests.ElementsForm.WebTablesTest" name="tc_el_009_webTable_AddNewRecord" time="3.197"/>
  <testcase classname="pageTests.ElementsForm.WebTablesTest" name="tc_el_009_webTable_AddNewRecord" time="3.517"/>
  <testcase classname="pageTests.ElementsForm.WebTablesTest" name="tc_el_009_webTable_AddNewRecord" time="3.227"/>
  <testcase classname="pageTests.ElementsForm.WebTablesTest" name="tc_el_009_webTable_AddNewRecord" time="3.52"/>
</testsuite> <!-- Default test -->
