<?xml version="1.0" encoding="UTF-8"?>
<!-- Generated by org.testng.reporters.JUnitXMLReporter -->
<testsuite ignored="0" hostname="LAPTOP-I0FL3MSP" failures="0" tests="9" name="Test" time="31.148" errors="0" timestamp="2026-05-03T19:30:12 IST">
  <testcase classname="pageTests.ElementsForm.WebTablesTest" name="tc_el_008_webTable_VerifyDataRows" time="4.202"/>
  <testcase classname="pageTests.ElementsForm.RadioButtonTest" name="tc_el_005_yesRadioButtonSelection" time="6.216"/>
  <testcase classname="pageTests.ElementsForm.CheckBoxTest" name="tc_el_003_checkBox_ExpandAndSelectAll" time="8.072"/>
  <testcase classname="pageTests.ElementsForm.TextBoxTest" name="tc_el_001_valid_TextBox_Submission" time="7.195"/>
  <testcase classname="pageTests.ElementsForm.RadioButtonTest" name="tc_el_006_impressiveRadioButtonSelection" time="4.793"/>
  <testcase classname="pageTests.ElementsForm.WebTablesTest" name="tc_el_009_webTable_AddNewRecord" time="7.667"/>
  <testcase classname="pageTests.ElementsForm.TextBoxTest" name="tc_el_002_invalid_EmailFormat" time="5.573"/>
  <testcase classname="pageTests.ElementsForm.CheckBoxTest" name="tc_el_004_checkBox_ExpandAndSelectIndividually" time="6.857"/>
  <testcase classname="pageTests.ElementsForm.RadioButtonTest" name="tc_el_007_noRadioButtonSelection" time="2.794"/>
</testsuite> <!-- Test -->
