<?xml version="1.0" encoding="UTF-8"?>
<!-- Generated by org.testng.reporters.JUnitXMLReporter -->
<testsuite ignored="0" hostname="LAPTOP-I0FL3MSP" failures="0" tests="10" name="Test" time="38.928" errors="0" timestamp="2026-05-04T14:53:15 IST">
  <testcase classname="pageTests.ElementsForm.WebTablesTest" name="tc_el_008_webTable_VerifyDataRows" time="2.471"/>
  <testcase classname="pageTests.ElementsForm.RadioButtonTest" name="tc_el_005_yesRadioButtonSelection" time="3.608"/>
  <testcase classname="pageTests.ElementsForm.TextBoxTest" name="tc_el_001_valid_TextBox_Submission" time="5.719"/>
  <testcase classname="pageTests.ElementsForm.CheckBoxTest" name="tc_el_003_checkBox_ExpandAndSelectAll" time="7.309"/>
  <testcase classname="pageTests.ElementsForm.WebTablesTest" name="tc_el_009_webTable_AddNewRecord" time="3.951"/>
  <testcase classname="pageTests.ElementsForm.RadioButtonTest" name="tc_el_006_impressiveRadioButtonSelection" time="3.726"/>
  <testcase classname="pageTests.ElementsForm.TextBoxTest" name="tc_el_002_invalid_EmailFormat" time="3.046"/>
  <testcase classname="pageTests.ElementsForm.RadioButtonTest" name="tc_el_007_noRadioButtonSelection" time="2.901"/>
  <testcase classname="pageTests.ElementsForm.WebTablesTest" name="tc_el_010_webTable_EditRecord" time="3.517"/>
  <testcase classname="pageTests.ElementsForm.CheckBoxTest" name="tc_el_004_checkBox_ExpandAndSelectIndividually" time="4.154"/>
</testsuite> <!-- Test -->
