<?xml version="1.0" encoding="UTF-8"?>
<testng-results ignored="0" total="6" passed="6" failed="0" skipped="0">
  <reporter-output>
  </reporter-output>
  <suite started-at="2026-05-02T17:08:07 IST" name="Suite" finished-at="2026-05-02T17:08:31 IST" duration-ms="23605">
    <groups>
    </groups>
    <test started-at="2026-05-02T17:08:07 IST" name="Test" finished-at="2026-05-02T17:08:31 IST" duration-ms="23605">
      <class name="pageTests.ElementsForm.RadioButtonTest">
        <test-method is-config="true" signature="initialize()[pri:0, instance:pageTests.ElementsForm.RadioButtonTest@44c03695]" started-at="2026-05-02T17:08:07 IST" name="initialize" finished-at="2026-05-02T17:08:18 IST" duration-ms="11093" status="PASS">
          <reporter-output>
          </reporter-output>
        </test-method> <!-- initialize -->
        <test-method signature="tc_el_005_radioButtonYesSelection()[pri:0, instance:pageTests.ElementsForm.RadioButtonTest@44c03695]" started-at="2026-05-02T17:08:18 IST" name="tc_el_005_radioButtonYesSelection" finished-at="2026-05-02T17:08:23 IST" duration-ms="4415" status="PASS">
          <reporter-output>
          </reporter-output>
        </test-method> <!-- tc_el_005_radioButtonYesSelection -->
        <test-method is-config="true" signature="tearDown()[pri:0, instance:pageTests.ElementsForm.RadioButtonTest@44c03695]" started-at="2026-05-02T17:08:23 IST" name="tearDown" finished-at="2026-05-02T17:08:23 IST" duration-ms="285" status="PASS">
          <reporter-output>
          </reporter-output>
        </test-method> <!-- tearDown -->
        <test-method is-config="true" signature="initialize()[pri:0, instance:pageTests.ElementsForm.RadioButtonTest@44c03695]" started-at="2026-05-02T17:08:23 IST" name="initialize" finished-at="2026-05-02T17:08:26 IST" duration-ms="3433" status="PASS">
          <reporter-output>
          </reporter-output>
        </test-method> <!-- initialize -->
        <test-method signature="tc_el_006_radioButtonImpressiveSelection()[pri:0, instance:pageTests.ElementsForm.RadioButtonTest@44c03695]" started-at="2026-05-02T17:08:26 IST" name="tc_el_006_radioButtonImpressiveSelection" finished-at="2026-05-02T17:08:30 IST" duration-ms="3409" status="PASS">
          <reporter-output>
          </reporter-output>
        </test-method> <!-- tc_el_006_radioButtonImpressiveSelection -->
        <test-method is-config="true" signature="tearDown()[pri:0, instance:pageTests.ElementsForm.RadioButtonTest@44c03695]" started-at="2026-05-02T17:08:30 IST" name="tearDown" finished-at="2026-05-02T17:08:30 IST" duration-ms="379" status="PASS">
          <reporter-output>
          </reporter-output>
        </test-method> <!-- tearDown -->
      </class> <!-- pageTests.ElementsForm.RadioButtonTest -->
      <class name="pageTests.ElementsForm.TextBoxTest">
        <test-method is-config="true" signature="initialize()[pri:0, instance:pageTests.ElementsForm.TextBoxTest@14cd1699]" started-at="2026-05-02T17:08:07 IST" name="initialize" finished-at="2026-05-02T17:08:16 IST" duration-ms="8692" status="PASS">
          <reporter-output>
          </reporter-output>
        </test-method> <!-- initialize -->
        <test-method signature="tc_el_001_validTextBoxSubmission()[pri:0, instance:pageTests.ElementsForm.TextBoxTest@14cd1699]" started-at="2026-05-02T17:08:16 IST" name="tc_el_001_validTextBoxSubmission" finished-at="2026-05-02T17:08:19 IST" duration-ms="3574" status="PASS">
          <reporter-output>
          </reporter-output>
        </test-method> <!-- tc_el_001_validTextBoxSubmission -->
        <test-method is-config="true" signature="teardown()[pri:0, instance:pageTests.ElementsForm.TextBoxTest@14cd1699]" started-at="2026-05-02T17:08:19 IST" name="teardown" finished-at="2026-05-02T17:08:20 IST" duration-ms="289" status="PASS">
          <reporter-output>
          </reporter-output>
        </test-method> <!-- teardown -->
        <test-method is-config="true" signature="initialize()[pri:0, instance:pageTests.ElementsForm.TextBoxTest@14cd1699]" started-at="2026-05-02T17:08:20 IST" name="initialize" finished-at="2026-05-02T17:08:23 IST" duration-ms="3444" status="PASS">
          <reporter-output>
          </reporter-output>
        </test-method> <!-- initialize -->
        <test-method signature="tc_el_002_invalidEmailFormat()[pri:0, instance:pageTests.ElementsForm.TextBoxTest@14cd1699]" started-at="2026-05-02T17:08:23 IST" name="tc_el_002_invalidEmailFormat" finished-at="2026-05-02T17:08:27 IST" duration-ms="3498" status="PASS">
          <reporter-output>
          </reporter-output>
        </test-method> <!-- tc_el_002_invalidEmailFormat -->
        <test-method is-config="true" signature="teardown()[pri:0, instance:pageTests.ElementsForm.TextBoxTest@14cd1699]" started-at="2026-05-02T17:08:27 IST" name="teardown" finished-at="2026-05-02T17:08:27 IST" duration-ms="403" status="PASS">
          <reporter-output>
          </reporter-output>
        </test-method> <!-- teardown -->
      </class> <!-- pageTests.ElementsForm.TextBoxTest -->
      <class name="pageTests.ElementsForm.CheckBoxTest">
        <test-method is-config="true" signature="initialize()[pri:0, instance:pageTests.ElementsForm.CheckBoxTest@6150c3ec]" started-at="2026-05-02T17:08:07 IST" name="initialize" finished-at="2026-05-02T17:08:15 IST" duration-ms="7372" status="PASS">
          <reporter-output>
          </reporter-output>
        </test-method> <!-- initialize -->
        <test-method signature="tc_el_003_checkBoxExpandAndSelectAll()[pri:0, instance:pageTests.ElementsForm.CheckBoxTest@6150c3ec]" started-at="2026-05-02T17:08:15 IST" name="tc_el_003_checkBoxExpandAndSelectAll" finished-at="2026-05-02T17:08:21 IST" duration-ms="5982" status="PASS">
          <reporter-output>
          </reporter-output>
        </test-method> <!-- tc_el_003_checkBoxExpandAndSelectAll -->
        <test-method is-config="true" signature="tearDown()[pri:0, instance:pageTests.ElementsForm.CheckBoxTest@6150c3ec]" started-at="2026-05-02T17:08:21 IST" name="tearDown" finished-at="2026-05-02T17:08:21 IST" duration-ms="388" status="PASS">
          <reporter-output>
          </reporter-output>
        </test-method> <!-- tearDown -->
        <test-method is-config="true" signature="initialize()[pri:0, instance:pageTests.ElementsForm.CheckBoxTest@6150c3ec]" started-at="2026-05-02T17:08:21 IST" name="initialize" finished-at="2026-05-02T17:08:25 IST" duration-ms="3805" status="PASS">
          <reporter-output>
          </reporter-output>
        </test-method> <!-- initialize -->
        <test-method signature="tc_el_004_checkBoxExpandAndSelectIndividually()[pri:0, instance:pageTests.ElementsForm.CheckBoxTest@6150c3ec]" started-at="2026-05-02T17:08:25 IST" name="tc_el_004_checkBoxExpandAndSelectIndividually" finished-at="2026-05-02T17:08:30 IST" duration-ms="5744" status="PASS">
          <reporter-output>
          </reporter-output>
        </test-method> <!-- tc_el_004_checkBoxExpandAndSelectIndividually -->
        <test-method is-config="true" signature="tearDown()[pri:0, instance:pageTests.ElementsForm.CheckBoxTest@6150c3ec]" started-at="2026-05-02T17:08:30 IST" name="tearDown" finished-at="2026-05-02T17:08:31 IST" duration-ms="248" status="PASS">
          <reporter-output>
          </reporter-output>
        </test-method> <!-- tearDown -->
      </class> <!-- pageTests.ElementsForm.CheckBoxTest -->
    </test> <!-- Test -->
  </suite> <!-- Suite -->
</testng-results>
