<?xml version="1.0" encoding="UTF-8"?>
<testng-results ignored="0" total="5" passed="5" failed="0" skipped="0">
  <reporter-output>
  </reporter-output>
  <suite started-at="2026-05-01T21:52:43 IST" name="Default suite" finished-at="2026-05-01T21:53:13 IST" duration-ms="29902">
    <groups>
    </groups>
    <test started-at="2026-05-01T21:52:43 IST" name="Default test" finished-at="2026-05-01T21:53:13 IST" duration-ms="29902">
      <class name="pageTests.ElementsForm.RadioButtonTest">
        <test-method is-config="true" signature="initialize()[pri:0, instance:pageTests.ElementsForm.RadioButtonTest@48f2bd5b]" started-at="2026-05-01T21:52:43 IST" name="initialize" finished-at="2026-05-01T21:52:46 IST" duration-ms="3650" status="PASS">
          <reporter-output>
          </reporter-output>
        </test-method> <!-- initialize -->
        <test-method signature="tc_el_005_RadioButtonYesSelection()[pri:0, instance:pageTests.ElementsForm.RadioButtonTest@48f2bd5b]" started-at="2026-05-01T21:52:46 IST" name="tc_el_005_RadioButtonYesSelection" finished-at="2026-05-01T21:52:49 IST" duration-ms="2868" status="PASS">
          <reporter-output>
          </reporter-output>
        </test-method> <!-- tc_el_005_RadioButtonYesSelection -->
        <test-method is-config="true" signature="tearDown()[pri:0, instance:pageTests.ElementsForm.RadioButtonTest@48f2bd5b]" started-at="2026-05-01T21:52:49 IST" name="tearDown" finished-at="2026-05-01T21:52:49 IST" duration-ms="226" status="PASS">
          <reporter-output>
          </reporter-output>
        </test-method> <!-- tearDown -->
        <test-method is-config="true" signature="initialize()[pri:0, instance:pageTests.ElementsForm.RadioButtonTest@48f2bd5b]" started-at="2026-05-01T21:52:49 IST" name="initialize" finished-at="2026-05-01T21:52:52 IST" duration-ms="2746" status="PASS">
          <reporter-output>
          </reporter-output>
        </test-method> <!-- initialize -->
        <test-method signature="tc_el_005_RadioButtonYesSelection()[pri:0, instance:pageTests.ElementsForm.RadioButtonTest@48f2bd5b]" started-at="2026-05-01T21:52:52 IST" name="tc_el_005_RadioButtonYesSelection" finished-at="2026-05-01T21:52:55 IST" duration-ms="2916" status="PASS">
          <reporter-output>
          </reporter-output>
        </test-method> <!-- tc_el_005_RadioButtonYesSelection -->
        <test-method is-config="true" signature="tearDown()[pri:0, instance:pageTests.ElementsForm.RadioButtonTest@48f2bd5b]" started-at="2026-05-01T21:52:55 IST" name="tearDown" finished-at="2026-05-01T21:52:55 IST" duration-ms="209" status="PASS">
          <reporter-output>
          </reporter-output>
        </test-method> <!-- tearDown -->
        <test-method is-config="true" signature="initialize()[pri:0, instance:pageTests.ElementsForm.RadioButtonTest@48f2bd5b]" started-at="2026-05-01T21:52:55 IST" name="initialize" finished-at="2026-05-01T21:52:58 IST" duration-ms="2828" status="PASS">
          <reporter-output>
          </reporter-output>
        </test-method> <!-- initialize -->
        <test-method signature="tc_el_005_RadioButtonYesSelection()[pri:0, instance:pageTests.ElementsForm.RadioButtonTest@48f2bd5b]" started-at="2026-05-01T21:52:58 IST" name="tc_el_005_RadioButtonYesSelection" finished-at="2026-05-01T21:53:01 IST" duration-ms="2867" status="PASS">
          <reporter-output>
          </reporter-output>
        </test-method> <!-- tc_el_005_RadioButtonYesSelection -->
        <test-method is-config="true" signature="tearDown()[pri:0, instance:pageTests.ElementsForm.RadioButtonTest@48f2bd5b]" started-at="2026-05-01T21:53:01 IST" name="tearDown" finished-at="2026-05-01T21:53:01 IST" duration-ms="207" status="PASS">
          <reporter-output>
          </reporter-output>
        </test-method> <!-- tearDown -->
        <test-method is-config="true" signature="initialize()[pri:0, instance:pageTests.ElementsForm.RadioButtonTest@48f2bd5b]" started-at="2026-05-01T21:53:01 IST" name="initialize" finished-at="2026-05-01T21:53:04 IST" duration-ms="2729" status="PASS">
          <reporter-output>
          </reporter-output>
        </test-method> <!-- initialize -->
        <test-method signature="tc_el_005_RadioButtonYesSelection()[pri:0, instance:pageTests.ElementsForm.RadioButtonTest@48f2bd5b]" started-at="2026-05-01T21:53:04 IST" name="tc_el_005_RadioButtonYesSelection" finished-at="2026-05-01T21:53:07 IST" duration-ms="2707" status="PASS">
          <reporter-output>
          </reporter-output>
        </test-method> <!-- tc_el_005_RadioButtonYesSelection -->
        <test-method is-config="true" signature="tearDown()[pri:0, instance:pageTests.ElementsForm.RadioButtonTest@48f2bd5b]" started-at="2026-05-01T21:53:07 IST" name="tearDown" finished-at="2026-05-01T21:53:07 IST" duration-ms="189" status="PASS">
          <reporter-output>
          </reporter-output>
        </test-method> <!-- tearDown -->
        <test-method is-config="true" signature="initialize()[pri:0, instance:pageTests.ElementsForm.RadioButtonTest@48f2bd5b]" started-at="2026-05-01T21:53:07 IST" name="initialize" finished-at="2026-05-01T21:53:10 IST" duration-ms="2787" status="PASS">
          <reporter-output>
          </reporter-output>
        </test-method> <!-- initialize -->
        <test-method signature="tc_el_005_RadioButtonYesSelection()[pri:0, instance:pageTests.ElementsForm.RadioButtonTest@48f2bd5b]" started-at="2026-05-01T21:53:10 IST" name="tc_el_005_RadioButtonYesSelection" finished-at="2026-05-01T21:53:12 IST" duration-ms="2733" status="PASS">
          <reporter-output>
          </reporter-output>
        </test-method> <!-- tc_el_005_RadioButtonYesSelection -->
        <test-method is-config="true" signature="tearDown()[pri:0, instance:pageTests.ElementsForm.RadioButtonTest@48f2bd5b]" started-at="2026-05-01T21:53:12 IST" name="tearDown" finished-at="2026-05-01T21:53:13 IST" duration-ms="192" status="PASS">
          <reporter-output>
          </reporter-output>
        </test-method> <!-- tearDown -->
      </class> <!-- pageTests.ElementsForm.RadioButtonTest -->
    </test> <!-- Default test -->
  </suite> <!-- Default suite -->
</testng-results>
