<?xml version="1.0" encoding="UTF-8"?>
<!-- Generated by org.testng.reporters.JUnitReportReporter -->
<testsuite hostname="LAPTOP-I0FL3MSP" failures="0" tests="3" name="pageTests.ElementsForm.WebTablesTest" time="35.058" errors="0" timestamp="2026-05-04T14:53:15 IST" skipped="0">
  <testcase classname="pageTests.ElementsForm.WebTablesTest" name="tc_el_010_webTable_EditRecord" time="9.258"/>
  <testcase classname="pageTests.ElementsForm.WebTablesTest" name="tc_el_008_webTable_VerifyDataRows" time="15.404"/>
  <testcase classname="pageTests.ElementsForm.WebTablesTest" name="tc_el_009_webTable_AddNewRecord" time="10.396"/>
</testsuite> <!-- pageTests.ElementsForm.WebTablesTest -->
