<?xml version="1.0" encoding="UTF-8"?>
<!-- Generated by org.testng.reporters.JUnitReportReporter -->
<testsuite hostname="LAPTOP-I0FL3MSP" failures="0" tests="2" name="pageTests.ElementsForm.WebTablesTest" time="25.566" errors="0" timestamp="2026-05-03T19:30:12 IST" skipped="0">
  <testcase classname="pageTests.ElementsForm.WebTablesTest" name="tc_el_008_webTable_VerifyDataRows" time="13.193"/>
  <testcase classname="pageTests.ElementsForm.WebTablesTest" name="tc_el_009_webTable_AddNewRecord" time="12.373"/>
</testsuite> <!-- pageTests.ElementsForm.WebTablesTest -->
