<?xml version="1.0" encoding="UTF-8"?>
<!-- Generated by org.testng.reporters.JUnitReportReporter -->
<testsuite hostname="LAPTOP-I0FL3MSP" failures="0" tests="2" name="pageTests.ElementsForm.TextBoxTest" time="19.900" errors="0" timestamp="2026-05-02T17:08:31 IST" skipped="0">
  <testcase classname="pageTests.ElementsForm.TextBoxTest" name="tc_el_001_validTextBoxSubmission" time="7.421"/>
  <testcase classname="pageTests.ElementsForm.TextBoxTest" name="tc_el_002_invalidEmailFormat" time="12.479"/>
</testsuite> <!-- pageTests.ElementsForm.TextBoxTest -->
