<?xml version="1.0" encoding="UTF-8"?>
<!-- Generated by org.testng.reporters.JUnitReportReporter -->
<testsuite hostname="LAPTOP-I0FL3MSP" failures="0" tests="2" name="pageTests.ElementsForm.CheckBoxTest" time="24.686" errors="0" timestamp="2026-05-02T18:31:58 IST" skipped="0">
  <testcase classname="pageTests.ElementsForm.CheckBoxTest" name="tc_el_003_checkBox_ExpandAndSelectAll" time="13.634"/>
  <testcase classname="pageTests.ElementsForm.CheckBoxTest" name="tc_el_004_checkBox_ExpandAndSelectIndividually" time="11.052"/>
</testsuite> <!-- pageTests.ElementsForm.CheckBoxTest -->
