<?xml version="1.0" encoding="UTF-8"?>
<!-- Generated by org.testng.reporters.JUnitReportReporter -->
<testsuite hostname="LAPTOP-I0FL3MSP" failures="0" tests="4" name="pageTests.ElementsForm.TextBoxTest" time="25.645" errors="0" timestamp="2026-05-01T20:35:14 IST" skipped="0">
  <testcase classname="pageTests.ElementsForm.TextBoxTest" name="tc_el_001_validTextBoxSubmission" time="7.752"/>
  <testcase classname="pageTests.ElementsForm.TextBoxTest" name="tc_el_002_invalidEmailFormat" time="5.314"/>
  <testcase classname="pageTests.ElementsForm.TextBoxTest" name="tc_el_002_invalidEmailFormat" time="5.843"/>
  <testcase classname="pageTests.ElementsForm.TextBoxTest" name="tc_el_001_validTextBoxSubmission" time="6.736"/>
</testsuite> <!-- pageTests.ElementsForm.TextBoxTest -->
