<?xml version="1.0" encoding="UTF-8"?>
<!-- Generated by org.testng.reporters.JUnitReportReporter -->
<testsuite hostname="LAPTOP-I0FL3MSP" failures="0" tests="10" name="pageTests.ElementsForm.CheckBoxTest" time="109.996" errors="0" timestamp="2026-05-02T16:58:00 IST" skipped="0">
  <testcase classname="pageTests.ElementsForm.CheckBoxTest" name="tc_el_004_checkBoxExpandAndSelectIndividually" time="7.935"/>
  <testcase classname="pageTests.ElementsForm.CheckBoxTest" name="tc_el_004_checkBoxExpandAndSelectIndividually" time="10.844"/>
  <testcase classname="pageTests.ElementsForm.CheckBoxTest" name="tc_el_003_checkBoxExpandAndSelectAll" time="19.648"/>
  <testcase classname="pageTests.ElementsForm.CheckBoxTest" name="tc_el_004_checkBoxExpandAndSelectIndividually" time="7.505"/>
  <testcase classname="pageTests.ElementsForm.CheckBoxTest" name="tc_el_004_checkBoxExpandAndSelectIndividually" time="6.788"/>
  <testcase classname="pageTests.ElementsForm.CheckBoxTest" name="tc_el_003_checkBoxExpandAndSelectAll" time="18.610"/>
  <testcase classname="pageTests.ElementsForm.CheckBoxTest" name="tc_el_003_checkBoxExpandAndSelectAll" time="9.571"/>
  <testcase classname="pageTests.ElementsForm.CheckBoxTest" name="tc_el_003_checkBoxExpandAndSelectAll" time="10.173"/>
  <testcase classname="pageTests.ElementsForm.CheckBoxTest" name="tc_el_003_checkBoxExpandAndSelectAll" time="8.965"/>
  <testcase classname="pageTests.ElementsForm.CheckBoxTest" name="tc_el_004_checkBoxExpandAndSelectIndividually" time="9.957"/>
</testsuite> <!-- pageTests.ElementsForm.CheckBoxTest -->
