<?xml version="1.0" encoding="UTF-8"?>
<!-- Generated by org.testng.reporters.JUnitReportReporter -->
<testsuite hostname="LAPTOP-I0FL3MSP" failures="0" tests="3" name="pageTests.ElementsForm.RadioButtonTest" time="29.408" errors="0" timestamp="2026-05-02T18:31:58 IST" skipped="0">
  <testcase classname="pageTests.ElementsForm.RadioButtonTest" name="tc_el_007_noRadioButtonSelection" time="6.007"/>
  <testcase classname="pageTests.ElementsForm.RadioButtonTest" name="tc_el_005_yesRadioButtonSelection" time="11.570"/>
  <testcase classname="pageTests.ElementsForm.RadioButtonTest" name="tc_el_006_impressiveRadioButtonSelection" time="11.831"/>
</testsuite> <!-- pageTests.ElementsForm.RadioButtonTest -->
