<?xml version="1.0" encoding="UTF-8"?>
<!-- Generated by org.testng.reporters.JUnitReportReporter -->
<testsuite hostname="LAPTOP-I0FL3MSP" failures="0" tests="2" name="pageTests.ElementsForm.RadioButtonTest" time="23.014" errors="0" timestamp="2026-05-02T17:08:31 IST" skipped="0">
  <testcase classname="pageTests.ElementsForm.RadioButtonTest" name="tc_el_005_radioButtonYesSelection" time="8.227"/>
  <testcase classname="pageTests.ElementsForm.RadioButtonTest" name="tc_el_006_radioButtonImpressiveSelection" time="14.787"/>
</testsuite> <!-- pageTests.ElementsForm.RadioButtonTest -->
